\BOOKMARK [1][-]{section.1}{\376\377\000W\000h\000y\000\040\000T\000o\000u\000r\000i\000s\000c\000o\000v}{}% 1
\BOOKMARK [1][-]{section.2}{\376\377\000B\000u\000s\000i\000n\000e\000s\000s\000\040\000M\000o\000d\000e\000l\000\040\000C\000a\000n\000v\000a\000s}{}% 2
\BOOKMARK [2][-]{subsection.2.1}{\376\377\000C\000u\000s\000t\000o\000m\000e\000r\000\040\000S\000e\000g\000m\000e\000n\000t\000s}{section.2}% 3
\BOOKMARK [3][-]{subsubsection.2.1.1}{\376\377\0001\0006\000+\000\040\000Y\000o\000u\000t\000h}{subsection.2.1}% 4
\BOOKMARK [3][-]{subsubsection.2.1.2}{\376\377\000L\000o\000w\000-\000i\000n\000c\000o\000m\000e\000\040\000s\000e\000g\000m\000e\000n\000t\000s}{subsection.2.1}% 5
\BOOKMARK [3][-]{subsubsection.2.1.3}{\376\377\000A\000d\000v\000e\000n\000t\000u\000r\000e\000\040\000S\000e\000e\000k\000e\000r\000s}{subsection.2.1}% 6
\BOOKMARK [3][-]{subsubsection.2.1.4}{\376\377\000N\000i\000c\000h\000e\000\040\000S\000e\000g\000m\000e\000n\000t\000s}{subsection.2.1}% 7
\BOOKMARK [2][-]{subsection.2.2}{\376\377\000C\000u\000s\000t\000o\000m\000e\000r\000\040\000R\000e\000l\000a\000t\000i\000o\000n\000s\000h\000i\000p\000s}{section.2}% 8
\BOOKMARK [3][-]{subsubsection.2.2.1}{\376\377\000S\000e\000l\000f\000-\000s\000e\000r\000v\000i\000c\000e}{subsection.2.2}% 9
\BOOKMARK [3][-]{subsubsection.2.2.2}{\376\377\000R\000e\000t\000a\000i\000l\000\040\000s\000t\000o\000r\000e\000s}{subsection.2.2}% 10
\BOOKMARK [2][-]{subsection.2.3}{\376\377\000V\000a\000l\000u\000e\000\040\000p\000r\000o\000p\000o\000s\000i\000t\000i\000o\000n}{section.2}% 11
\BOOKMARK [3][-]{subsubsection.2.3.1}{\376\377\000F\000o\000r\000\040\000t\000h\000e\000\040\000h\000o\000s\000t\000i\000n\000g\000\040\000c\000o\000u\000n\000t\000r\000y}{subsection.2.3}% 12
\BOOKMARK [3][-]{subsubsection.2.3.2}{\376\377\000F\000o\000r\000\040\000t\000h\000e\000\040\000c\000u\000s\000t\000o\000m\000e\000r}{subsection.2.3}% 13
\BOOKMARK [2][-]{subsection.2.4}{\376\377\000K\000e\000y\000\040\000R\000e\000s\000o\000u\000r\000c\000e\000s}{section.2}% 14
\BOOKMARK [2][-]{subsection.2.5}{\376\377\000K\000e\000y\000\040\000A\000c\000t\000i\000v\000i\000t\000i\000e\000s}{section.2}% 15
\BOOKMARK [2][-]{subsection.2.6}{\376\377\000K\000e\000y\000\040\000P\000a\000r\000t\000n\000e\000r\000s}{section.2}% 16
\BOOKMARK [2][-]{subsection.2.7}{\376\377\000R\000e\000v\000e\000n\000u\000e\000\040\000S\000t\000r\000e\000a\000m\000s}{section.2}% 17
\BOOKMARK [3][-]{subsubsection.2.7.1}{\376\377\000M\000i\000d\000d\000l\000e\000m\000a\000n\000\040\000f\000e\000e\000s}{subsection.2.7}% 18
\BOOKMARK [3][-]{subsubsection.2.7.2}{\376\377\000S\000u\000b\000s\000c\000r\000i\000p\000t\000i\000o\000n\000\040\000f\000e\000e\000s}{subsection.2.7}% 19
\BOOKMARK [3][-]{subsubsection.2.7.3}{\376\377\000B\000i\000d\000\040\000d\000a\000t\000a\000\040\000s\000a\000l\000e\000s}{subsection.2.7}% 20
\BOOKMARK [3][-]{subsubsection.2.7.4}{\376\377\000A\000d\000\040\000r\000e\000v\000e\000n\000u\000e}{subsection.2.7}% 21
\BOOKMARK [2][-]{subsection.2.8}{\376\377\000C\000o\000s\000t\000\040\000S\000t\000r\000u\000c\000t\000u\000r\000e}{section.2}% 22
\BOOKMARK [3][-]{subsubsection.2.8.1}{\376\377\000F\000i\000x\000e\000d\000\040\000c\000o\000s\000t\000s}{subsection.2.8}% 23
\BOOKMARK [3][-]{subsubsection.2.8.2}{\376\377\000V\000a\000r\000i\000a\000b\000l\000e\000\040\000c\000o\000s\000t\000s}{subsection.2.8}% 24
\BOOKMARK [1][-]{section.3}{\376\377\000C\000o\000m\000p\000a\000n\000y\000\040\000S\000t\000r\000u\000c\000t\000u\000r\000e\000\040\000\046\000\040\000l\000e\000g\000a\000l\000i\000t\000i\000e\000s}{}% 25
\BOOKMARK [1][-]{section.4}{\376\377\000C\000o\000m\000p\000e\000t\000i\000t\000i\000o\000n}{}% 26
\BOOKMARK [2][-]{subsection.4.1}{\376\377\000W\000h\000a\000t\000\040\000s\000e\000t\000s\000\040\000T\000o\000u\000r\000i\000s\000c\000o\000v\000\040\000a\000p\000a\000r\000t}{section.4}% 27
\BOOKMARK [1][-]{section.5}{\376\377\000N\000i\000t\000t\000y\000-\000G\000r\000i\000t\000t\000y\000\040\000F\000i\000n\000a\000n\000c\000e\000s}{}% 28
\BOOKMARK [2][-]{subsection.5.1}{\376\377\000R\000e\000v\000e\000n\000u\000e\000\040\000f\000l\000o\000w}{section.5}% 29
\BOOKMARK [2][-]{subsection.5.2}{\376\377\000E\000q\000u\000i\000l\000i\000b\000r\000i\000u\000m\000\040\000P\000o\000i\000n\000t}{section.5}% 30
\BOOKMARK [2][-]{subsection.5.3}{\376\377\000T\000a\000x\000e\000s}{section.5}% 31
\BOOKMARK [1][-]{section.6}{\376\377\000A\000p\000p\000e\000n\000d\000i\000x}{}% 32
