\BOOKMARK [1][-]{section.1}{\376\377\000O\000v\000e\000r\000v\000i\000e\000w}{}% 1
\BOOKMARK [2][-]{subsection.1.1}{\376\377\000H\000i\000s\000t\000o\000r\000i\000c\000a\000l\000\040\000B\000a\000c\000k\000g\000r\000o\000u\000n\000d}{section.1}% 2
\BOOKMARK [3][-]{subsubsection.1.1.1}{\376\377\000R\000i\000c\000h\000a\000r\000d\000\040\000B\000e\000l\000l\000m\000a\000n}{subsection.1.1}% 3
\BOOKMARK [3][-]{subsubsection.1.1.2}{\376\377\000L\000e\000s\000t\000e\000r\000\040\000R\000\040\000F\000o\000r\000d}{subsection.1.1}% 4
\BOOKMARK [2][-]{subsection.1.2}{\376\377\000M\000o\000t\000i\000v\000a\000t\000i\000o\000n\000\040\000f\000o\000r\000\040\000d\000e\000v\000e\000l\000o\000p\000m\000e\000n\000t}{section.1}% 5
\BOOKMARK [2][-]{subsection.1.3}{\376\377\000D\000i\000j\000k\000s\000t\000r\000a\000'\000s\000\040\000a\000l\000g\000o\000r\000i\000t\000h\000m\000\040\000a\000n\000d\000\040\000I\000t\000s\000\040\000R\000e\000l\000a\000t\000i\000o\000n\000\040\000t\000o\000\040\000t\000h\000e\000\040\000B\000e\000l\000l\000m\000a\000n\000-\000F\000o\000r\000d\000\040\000A\000l\000g\000o\000r\000i\000t\000h\000m}{section.1}% 6
\BOOKMARK [3][-]{subsubsection.1.3.1}{\376\377\000D\000i\000j\000k\000s\000t\000r\000a\000'\000s\000\040\000A\000l\000g\000o\000r\000i\000t\000h\000m\000:\000\040\000A\000\040\000G\000r\000e\000e\000d\000y\000\040\000A\000p\000p\000r\000o\000a\000c\000h\000\040\000t\000o\000\040\000S\000h\000o\000r\000t\000e\000s\000t\000\040\000P\000a\000t\000h\000s}{subsection.1.3}% 7
\BOOKMARK [3][-]{subsubsection.1.3.2}{\376\377\000B\000e\000l\000l\000m\000a\000n\000-\000F\000o\000r\000d\000\040\000A\000l\000g\000o\000r\000i\000t\000h\000m\000:\000\040\000A\000\040\000D\000y\000n\000a\000m\000i\000c\000\040\000A\000p\000p\000r\000o\000a\000c\000h\000\040\000w\000i\000t\000h\000\040\000G\000r\000e\000a\000t\000e\000r\000\040\000F\000l\000e\000x\000i\000b\000i\000l\000i\000t\000y}{subsection.1.3}% 8
\BOOKMARK [1][-]{section.2}{\376\377\000P\000r\000o\000b\000l\000e\000m\000\040\000D\000e\000f\000i\000n\000i\000t\000i\000o\000n}{}% 9
\BOOKMARK [2][-]{subsection.2.1}{\376\377\000K\000e\000y\000\040\000F\000e\000a\000t\000u\000r\000e\000s}{section.2}% 10
\BOOKMARK [1][-]{section.3}{\376\377\000A\000l\000g\000o\000r\000i\000t\000h\000m\000\040\000O\000v\000e\000r\000v\000i\000e\000w}{}% 11
\BOOKMARK [1][-]{section.4}{\376\377\000P\000y\000t\000h\000o\000n\000\040\000C\000o\000d\000e}{}% 12
\BOOKMARK [2][-]{subsection.4.1}{\376\377\000A\000l\000g\000o\000r\000i\000t\000h\000m\000\040\000C\000h\000a\000r\000t}{section.4}% 13
\BOOKMARK [2][-]{subsection.4.2}{\376\377\000C\000o\000m\000p\000l\000e\000x\000i\000t\000y\000\040\000A\000n\000a\000l\000y\000s\000i\000s}{section.4}% 14
\BOOKMARK [3][-]{subsubsection.4.2.1}{\376\377\000I\000n\000i\000t\000i\000a\000l\000i\000z\000a\000t\000i\000o\000n}{subsection.4.2}% 15
\BOOKMARK [3][-]{subsubsection.4.2.2}{\376\377\000R\000e\000l\000a\000x\000a\000t\000i\000o\000n}{subsection.4.2}% 16
\BOOKMARK [3][-]{subsubsection.4.2.3}{\376\377\000N\000e\000g\000a\000t\000i\000v\000e\000\040\000C\000y\000c\000l\000e\000\040\000D\000e\000t\000e\000c\000t\000i\000o\000n}{subsection.4.2}% 17
\BOOKMARK [3][-]{subsubsection.4.2.4}{\376\377\000T\000o\000t\000a\000l\000\040\000T\000i\000m\000e\000\040\000C\000o\000m\000p\000l\000e\000x\000i\000t\000y}{subsection.4.2}% 18
\BOOKMARK [2][-]{subsection.4.3}{\376\377\000P\000r\000o\000s\000\040\000\046\000\040\000C\000o\000n\000s}{section.4}% 19
\BOOKMARK [3][-]{subsubsection.4.3.1}{\376\377\000P\000r\000o\000s}{subsection.4.3}% 20
\BOOKMARK [3][-]{subsubsection.4.3.2}{\376\377\000C\000o\000n\000s}{subsection.4.3}% 21
\BOOKMARK [1][-]{section.5}{\376\377\000C\000o\000n\000c\000l\000u\000s\000i\000o\000n}{}% 22
